(/home/lispor/Apps/context/tex/texmf-context/tex/context/base/cont-yes.mkiv

ConTeXt  ver: 2013.07.14 14:53 MKIV beta  fmt: 2013.7.19  int: english/english

system          > 'cont-new.mkiv' loaded
(/home/lispor/Apps/context/tex/texmf-context/tex/context/base/cont-new.mkiv)
system          > files > jobname 'sicp', input './sicp', result 'sicp'
fonts           > latin modern fonts are not preloaded
languages       > language 'en' is active
(/home/lispor/Gits/sicp-book/src/sicp.tex{/home/lispor/Apps/context/tex/texmf-context/fonts/map/pdftex/context/mkiv-base.map}
fonts           > preloading latin modern fonts (second stage)
fonts           > typescripts > unknown library 'loc'
{/home/lispor/Apps/context/tex/texmf/fonts/map/dvips/lm/lm-math.map}{/home/lispor/Apps/context/tex/texmf/fonts/map/dvips/lm/lm-rm.map}
fonts           > 'fallback modern rm 12pt' is loaded
(env.tex
colors          > 'rgb' color space is supported
colors          > 'cmyk' color space is supported
)
structures      > begin of sectionblock 'frontpart'
(ch0.tex (/home/lispor/Gits/sicp-book/src/ch0/makeup.tex
backend         > xmp > using file '/home/lispor/Apps/context/tex/texmf-context/tex/context/base/lpdf-pdx.xml'
pages           > flushing realpage 1, userpage 1
)
pages           > flushing realpage 2, userpage 2
structure       > sectioning > title @ level 2 : 0.0 -> Short Contents
pages           > flushing realpage 3, userpage 3
structure       > sectioning > title @ level 2 : 0.0 -> Table of Contents
(/home/lispor/Gits/sicp-book/src/ch0/dedication.tex
pages           > flushing realpage 4, userpage 4
structure       > sectioning > chapter @ level 2 : 0.1 -> Dedication
) (/home/lispor/Gits/sicp-book/src/ch0/foreword.tex
pages           > flushing realpage 5, userpage 5
structure       > sectioning > chapter @ level 2 : 0.2 -> Foreword
pages           > flushing realpage 6, userpage 6
pages           > flushing realpage 7, userpage 7
) (/home/lispor/Gits/sicp-book/src/ch0/preface-2nd.tex
pages           > flushing realpage 8, userpage 8
structure       > sectioning > chapter @ level 2 : 0.3 -> Preface to the Second Edition
) (/home/lispor/Gits/sicp-book/src/ch0/preface-1st.tex
pages           > flushing realpage 9, userpage 9
structure       > sectioning > chapter @ level 2 : 0.4 -> Preface to the First Edition
pages           > flushing realpage 10, userpage 10
) (/home/lispor/Gits/sicp-book/src/ch0/acknowledgments.tex
pages           > flushing realpage 11, userpage 11
structure       > sectioning > chapter @ level 2 : 0.5 -> Acknowledgments
pages           > flushing realpage 12, userpage 12
))
structures      > end of sectionblock 'frontpart'
pages           > flushing realpage 13, userpage 13
structures      > begin of sectionblock 'bodypart'
(ch1.tex
structure       > sectioning > chapter @ level 2 : 0.1 -> Building Abstractions with Procedures
(/home/lispor/Gits/sicp-book/src/ch1/1-0-pre-text.tex
structure       > sectioning > subject @ level 3 : 0.1.0 -> Programming in Lisp
pages           > flushing realpage 14, userpage 1
) (/home/lispor/Gits/sicp-book/src/ch1/1-1-elements-of-programming.tex
pages           > flushing realpage 15, userpage 2
structure       > sectioning > section @ level 3 : 0.1.1 -> The Elements of Programming
structure       > sectioning > subsection @ level 4 : 0.1.1.1 -> Expressions
pages           > flushing realpage 16, userpage 3
pages           > flushing realpage 17, userpage 4
structure       > sectioning > subsection @ level 4 : 0.1.1.2 -> Naming and the Environment
pages           > flushing realpage 18, userpage 5
structure       > sectioning > subsection @ level 4 : 0.1.1.3 -> Evaluating Combinations
pages           > flushing realpage 19, userpage 6
floatblocks     > '1' placed
 </home/lispor/Gits/sicp-book/src/figures/ch1/tree representation.pdf>
pages           > flushing realpage 20, userpage 7
structure       > sectioning > subsection @ level 4 : 0.1.1.4 -> Compound Procedures
pages           > flushing realpage 21, userpage 8
structure       > sectioning > subsection @ level 4 : 0.1.1.5 -> The Substitution Model for Procedure Application
pages           > flushing realpage 22, userpage 9
pages           > flushing realpage 23, userpage 10
structure       > sectioning > subsection @ level 4 : 0.1.1.6 -> Conditional Expressions and Predicates
pages           > flushing realpage 24, userpage 11
pages           > flushing realpage 25, userpage 12
pages           > flushing realpage 26, userpage 13
(virtual://block.exercise.1) (virtual://block.exercise.2) (virtual://block.exercise.3) (virtual://block.exercise.4) (virtual://block.exercise.5
pages           > flushing realpage 27, userpage 14
)
structure       > sectioning > subsection @ level 4 : 0.1.1.7 -> Example: Square Roots by Newton's Method
pages           > flushing realpage 28, userpage 15
pages           > flushing realpage 29, userpage 16
(virtual://block.exercise.6) (virtual://block.exercise.7)
pages           > flushing realpage 30, userpage 17
(virtual://block.exercise.8)
structure       > sectioning > subsection @ level 4 : 0.1.1.8 -> Procedures as Black-Box Abstractions
floatblocks     > '2' placed
pages           > flushing realpage 31, userpage 18
pages           > flushing realpage 32, userpage 19
pages           > flushing realpage 33, userpage 20
)) (ch2.tex
pages           > flushing realpage 34, userpage 21
structure       > sectioning > chapter @ level 2 : 0.2 -> Building Abstraction with Data
) (ch3.tex
pages           > flushing realpage 35, userpage 22
structure       > sectioning > chapter @ level 2 : 0.3 -> Modularity,Objects and State
) (ch4.tex
pages           > flushing realpage 36, userpage 23
structure       > sectioning > chapter @ level 2 : 0.4 -> Metalinguistic Abstraction
) (ch5.tex
pages           > flushing realpage 37, userpage 24
structure       > sectioning > chapter @ level 2 : 0.5 -> Computing with Register Machines
)
structures      > end of sectionblock 'bodypart'
pages           > flushing realpage 38, userpage 25
 ) )</home/lispor/Apps/context/tex/texmf/fonts/opentype/public/lm-math/latinmodern-math.otf></home/lispor/Apps/context/tex/texmf/fonts/opentype/public/lm/lmmono10-regular.otf></home/lispor/Apps/context/tex/texmf/fonts/opentype/public/lm-math/latinmodern-math.otf></home/lispor/Apps/context/tex/texmf/fonts/opentype/public/lm/lmroman8-regular.otf></home/lispor/Apps/context/tex/texmf/fonts/opentype/public/lm/lmroman6-regular.otf></home/lispor/Apps/context/tex/texmf/fonts/opentype/public/lm/lmroman9-regular.otf></home/lispor/Apps/context/tex/texmf/fonts/opentype/public/lm/lmroman12-regular.otf></home/lispor/Apps/context/tex/texmf/fonts/opentype/public/lm/lmroman10-bold.otf></home/lispor/Apps/context/tex/texmf/fonts/opentype/public/lm/lmroman10-regular.otf>

system          > structure > start used structure

used structure  > text: sicp
used structure  >   product: sicp
used structure  >     component: ch0
used structure  >     component: ch1
used structure  >     component: ch2
used structure  >     component: ch3
used structure  >     component: ch4
used structure  >     component: ch5

system          > structure > stop used structure


system          > files > start used files

used file       >    1: filename=cont-yes.mkiv filetype=tex foundname=/home/lispor/Apps/context/tex/texmf-context/tex/context/base/cont-yes.mkiv usedmethod=database
used file       >    2: filename=cont-new.mkiv filetype=tex foundname=/home/lispor/Apps/context/tex/texmf-context/tex/context/base/cont-new.mkiv usedmethod=database
used file       >    3: filename=lang-us.lua filetype=lua foundname=/home/lispor/Apps/context/tex/texmf-context/tex/context/patterns/lang-us.lua usedmethod=database
used file       >    4: filename=/home/lispor/Gits/sicp-book/src/sicp foundname=/home/lispor/Gits/sicp-book/src/sicp.tex usedmethod=qualified
used file       >    5: filename=mkiv-base.map filetype=map format=map foundname=/home/lispor/Apps/context/tex/texmf-context/fonts/map/pdftex/context/mkiv-base.map usedmethod=database
used file       >    6: filename=lm.lfg filetype=tex foundname=/home/lispor/Apps/context/tex/texmf-context/tex/context/fonts/lm.lfg usedmethod=database
used file       >    7: filename=lm-math.lfg filetype=tex foundname=/home/lispor/Apps/context/tex/texmf-context/tex/context/fonts/lm-math.lfg usedmethod=database
used file       >    8: filename=lm-math.map filetype=map format=map foundname=/home/lispor/Apps/context/tex/texmf/fonts/map/dvips/lm/lm-math.map usedmethod=database
used file       >    9: filename=lm-rm.map filetype=map format=map foundname=/home/lispor/Apps/context/tex/texmf/fonts/map/dvips/lm/lm-rm.map usedmethod=database
used file       >   10: filename=lmroman12-regular filetype=otf format=otf foundname=/home/lispor/Apps/context/tex/texmf/fonts/opentype/public/lm/lmroman12-regular.otf usedmethod=database
used file       >   11: filename=latinmodern-math.otf filetype=opentypefonts foundname=/home/lispor/Apps/context/tex/texmf/fonts/opentype/public/lm-math/latinmodern-math.otf usedmethod=database
used file       >   12: filename=latinmodern-math.otf filetype=otf format=otf foundname=/home/lispor/Apps/context/tex/texmf/fonts/opentype/public/lm-math/latinmodern-math.otf usedmethod=database
used file       >   13: filename=env.tex foundname=env.tex usedmethod=direct
used file       >   14: filename=lmroman10-regular filetype=otf format=otf foundname=/home/lispor/Apps/context/tex/texmf/fonts/opentype/public/lm/lmroman10-regular.otf usedmethod=database
used file       >   15: filename=ch0.tex foundname=ch0.tex usedmethod=direct
used file       >   16: filename=/home/lispor/Gits/sicp-book/src/ch0/makeup.tex foundname=/home/lispor/Gits/sicp-book/src/ch0/makeup.tex usedmethod=direct
used file       >   17: filename=lmroman10-bold filetype=otf format=otf foundname=/home/lispor/Apps/context/tex/texmf/fonts/opentype/public/lm/lmroman10-bold.otf usedmethod=database
used file       >   18: filename=lpdf-pdx.xml filetype=tex foundname=/home/lispor/Apps/context/tex/texmf-context/tex/context/base/lpdf-pdx.xml usedmethod=database
used file       >   19: filename=lmroman9-regular filetype=otf format=otf foundname=/home/lispor/Apps/context/tex/texmf/fonts/opentype/public/lm/lmroman9-regular.otf usedmethod=database
used file       >   20: filename=/home/lispor/Gits/sicp-book/src/ch0/dedication.tex foundname=/home/lispor/Gits/sicp-book/src/ch0/dedication.tex usedmethod=direct
used file       >   21: filename=/home/lispor/Gits/sicp-book/src/ch0/foreword.tex foundname=/home/lispor/Gits/sicp-book/src/ch0/foreword.tex usedmethod=direct
used file       >   22: filename=/home/lispor/Gits/sicp-book/src/ch0/preface-2nd.tex foundname=/home/lispor/Gits/sicp-book/src/ch0/preface-2nd.tex usedmethod=direct
used file       >   23: filename=/home/lispor/Gits/sicp-book/src/ch0/preface-1st.tex foundname=/home/lispor/Gits/sicp-book/src/ch0/preface-1st.tex usedmethod=direct
used file       >   24: filename=/home/lispor/Gits/sicp-book/src/ch0/acknowledgments.tex foundname=/home/lispor/Gits/sicp-book/src/ch0/acknowledgments.tex usedmethod=direct
used file       >   25: filename=ch1.tex foundname=ch1.tex usedmethod=direct
used file       >   26: filename=/home/lispor/Gits/sicp-book/src/ch1/1-0-pre-text.tex foundname=/home/lispor/Gits/sicp-book/src/ch1/1-0-pre-text.tex usedmethod=direct
used file       >   27: filename=lmroman8-regular filetype=otf format=otf foundname=/home/lispor/Apps/context/tex/texmf/fonts/opentype/public/lm/lmroman8-regular.otf usedmethod=database
used file       >   28: filename=lmroman6-regular filetype=otf format=otf foundname=/home/lispor/Apps/context/tex/texmf/fonts/opentype/public/lm/lmroman6-regular.otf usedmethod=database
used file       >   29: filename=/home/lispor/Gits/sicp-book/src/ch1/1-1-elements-of-programming.tex foundname=/home/lispor/Gits/sicp-book/src/ch1/1-1-elements-of-programming.tex usedmethod=direct
used file       >   30: filename=lmmono10-regular filetype=otf format=otf foundname=/home/lispor/Apps/context/tex/texmf/fonts/opentype/public/lm/lmmono10-regular.otf usedmethod=database
used file       >   31: filename=/home/lispor/Gits/sicp-book/src/figures/ch1/tree representation.pdf format=tex foundname=/home/lispor/Gits/sicp-book/src/figures/ch1/tree representation.pdf usedmethod=direct
used file       >   32: filename=ch2.tex foundname=ch2.tex usedmethod=direct
used file       >   33: filename=ch3.tex foundname=ch3.tex usedmethod=direct
used file       >   34: filename=ch4.tex foundname=ch4.tex usedmethod=direct
used file       >   35: filename=ch5.tex foundname=ch5.tex usedmethod=direct

system          > files > stop used files


system          > options > start commandline options

used option     > currentrun="1"
used option     > fulljobname="./sicp"
used option     > input="./sicp"
used option     > kindofrun="1"
used option     > maxnofruns="8"
used option     > no-parse-first-line="true"

system          > options > stop commandline options

system          > options > start commandline files

used file       >    1: ./sicp

system          > options > stop commandline files



mkiv lua stats  > used config file: selfautoparent:/texmf/web2c/texmfcnf.lua
mkiv lua stats  > used cache path: /home/lispor/Apps/context/tex/texmf-cache/luatex-cache/context/5fe67e0bfe781ce0dde776fb1556f32e
mkiv lua stats  > resource resolver: loadtime 0.015 seconds, 0 scans with scantime 0.000 seconds, 0 shared scans, 35 found files, scanned paths: <none>
mkiv lua stats  > stored bytecode data: 330 modules (0.260 sec), 69 tables (0.000 sec), 399 chunks (0.260 sec)
mkiv lua stats  > cleaned up reserved nodes: 51 nodes, 9 lists of 441
mkiv lua stats  > node memory usage: 3 glue, 4 penalty, 16 attribute, 331 glue_spec, 4 attribute_list
mkiv lua stats  > node list callback tasks: 6 unique task lists, 7 instances (re)created, 5919 calls
mkiv lua stats  > h-node processing time: 2.219 seconds including kernel
mkiv lua stats  > attribute processing time: 0.574 seconds front- and backend
mkiv lua stats  > v-node processing time: 0.283 seconds 
mkiv lua stats  > used backend: pdf (backend for directly generating pdf output)
mkiv lua stats  > loaded patterns: en::2, load time: 0.000
mkiv lua stats  > jobdata time: 0.020 seconds saving, 0.013 seconds loading
mkiv lua stats  > callbacks: 11331 direct, 2358 indirect, 13689 total
mkiv lua stats  > randomizer: resumed with value 0.35868513461141
mkiv lua stats  > lxml preparation time: 0.000 seconds, 0 nodes, 15 lpath calls, 0 cached calls
mkiv lua stats  > interactive elements: 115 references, 60 destinations
mkiv lua stats  > result saved in file: sicp.pdf, compresslevel 3, objectcompreslevel 3
mkiv lua stats  > loaded fonts: 8 files: latinmodern-math.otf (experimental), lmmono10-regular.otf, lmroman10-bold.otf, lmroman10-regular.otf, lmroman12-regular.otf, lmroman6-regular.otf, lmroman8-regular.otf, lmroman9-regular.otf
mkiv lua stats  > fonts load time: 0.904 seconds 
mkiv lua stats  > math processing time: 0.017 seconds 
mkiv lua stats  > graphics processing time: 0.009 seconds including tex, 1 processed images
mkiv lua stats  > pdf annotations: 115 embedded, 87 unique
mkiv lua stats  > luatex banner: this is luatex, version beta-0.76.0-2013040516  (tex live 2013/dev)(rev 4627)
mkiv lua stats  > control sequences: 37847 of 65536 + 100000
mkiv lua stats  > current memory usage: 58 MB (ctx: 47 MB)
mkiv lua stats  > runtime: 9.916 seconds, 38 processed pages, 38 shipped pages, 3.832 pages/second

